TN:
SF:src\App.tsx
FN:9,App
FNF:1
FNH:0
FNDA:0,App
DA:10,0
LF:1
LH:0
BRF:0
BRH:0
end_of_record
TN:
SF:src\components\CustomText\TextVariants.ts
FNF:0
FNH:0
LF:0
LH:0
BRF:0
BRH:0
end_of_record
TN:
SF:src\components\CustomText\index.tsx
FN:12,CustomText
FNF:1
FNH:1
FNDA:7,CustomText
DA:13,7
LF:1
LH:1
BRDA:13,0,0,7
BRDA:13,0,1,1
BRF:2
BRH:2
end_of_record
TN:
SF:src\components\CustomText\variantsStyles.ts
FNF:0
FNH:0
DA:5,2
LF:1
LH:1
BRF:0
BRH:0
end_of_record
TN:
SF:src\components\CustomTextInput\index.tsx
FN:9,CustomTextInput
FNF:1
FNH:0
FNDA:0,CustomTextInput
DA:10,0
LF:1
LH:0
BRF:0
BRH:0
end_of_record
TN:
SF:src\components\CustomTextInput\styles.ts
FNF:0
FNH:0
LF:0
LH:0
BRF:0
BRH:0
end_of_record
TN:
SF:src\components\HtmlText\index.tsx
FN:6,HtmlText
FNF:1
FNH:0
FNDA:0,HtmlText
DA:7,0
DA:8,0
DA:9,0
DA:11,0
LF:4
LH:0
BRDA:8,0,0,0
BRDA:8,0,1,0
BRF:2
BRH:0
end_of_record
TN:
SF:src\components\MainLayout\index.tsx
FN:13,MainLayout
FNF:1
FNH:0
FNDA:0,MainLayout
DA:14,0
LF:1
LH:0
BRDA:16,0,0,0
BRDA:16,0,1,0
BRF:2
BRH:0
end_of_record
TN:
SF:src\components\MainLayout\styles.ts
FNF:0
FNH:0
LF:0
LH:0
BRF:0
BRH:0
end_of_record
TN:
SF:src\components\NoElements\index.tsx
FN:15,NoElements
FNF:1
FNH:1
FNDA:1,NoElements
DA:16,1
LF:1
LH:1
BRF:0
BRH:0
end_of_record
TN:
SF:src\components\NoElements\styles.ts
FNF:0
FNH:0
LF:0
LH:0
BRF:0
BRH:0
end_of_record
TN:
SF:src\components\QueryProvider\index.tsx
FN:6,QueryProvider
FNF:1
FNH:0
FNDA:0,QueryProvider
DA:4,0
DA:7,0
LF:2
LH:0
BRF:0
BRH:0
end_of_record
TN:
SF:src\components\ServerImage\index.tsx
FN:7,ServerImage
FN:13,(anonymous_1)
FN:18,(anonymous_2)
FNF:3
FNH:0
FNDA:0,ServerImage
FNDA:0,(anonymous_1)
FNDA:0,(anonymous_2)
DA:11,0
DA:12,0
DA:13,0
DA:14,0
DA:18,0
DA:21,0
LF:6
LH:0
BRDA:23,0,0,0
BRDA:23,0,1,0
BRDA:24,1,0,0
BRDA:24,1,1,0
BRF:4
BRH:0
end_of_record
TN:
SF:src\components\ServerImage\styles.ts
FNF:0
FNH:0
LF:0
LH:0
BRF:0
BRH:0
end_of_record
TN:
SF:src\constants\colors.ts
FNF:0
FNH:0
DA:1,2
DA:2,2
DA:3,2
DA:4,2
DA:6,2
DA:7,2
DA:8,2
LF:7
LH:7
BRF:0
BRH:0
end_of_record
TN:
SF:src\hooks\useDebounce.ts
FN:4,useDebounce
FN:8,(anonymous_1)
FN:10,(anonymous_2)
FN:16,(anonymous_3)
FNF:4
FNH:0
FNDA:0,useDebounce
FNDA:0,(anonymous_1)
FNDA:0,(anonymous_2)
FNDA:0,(anonymous_3)
DA:6,0
DA:7,0
DA:10,0
DA:11,0
DA:16,0
DA:17,0
DA:22,0
LF:7
LH:0
BRF:0
BRH:0
end_of_record
TN:
SF:src\navigation\HomeTabNavigator.tsx
FN:16,HomeTabNavigator
FN:25,(anonymous_1)
FN:34,(anonymous_2)
FN:49,(anonymous_3)
FNF:4
FNH:0
FNDA:0,HomeTabNavigator
FNDA:0,(anonymous_1)
FNDA:0,(anonymous_2)
FNDA:0,(anonymous_3)
DA:14,0
DA:17,0
DA:26,0
DA:35,0
DA:50,0
LF:5
LH:0
BRF:0
BRH:0
end_of_record
TN:
SF:src\navigation\RootStackNavigator.tsx
FN:40,RootStackNavigator
FN:55,(anonymous_1)
FN:62,(anonymous_2)
FNF:3
FNH:0
FNDA:0,RootStackNavigator
FNDA:0,(anonymous_1)
FNDA:0,(anonymous_2)
DA:38,0
DA:41,0
DA:55,0
DA:62,0
LF:4
LH:0
BRF:0
BRH:0
end_of_record
TN:
SF:src\navigation\styles.ts
FNF:0
FNH:0
LF:0
LH:0
BRF:0
BRH:0
end_of_record
TN:
SF:src\shows\api\Episode.ts
FNF:0
FNH:0
LF:0
LH:0
BRF:0
BRH:0
end_of_record
TN:
SF:src\shows\api\Show.ts
FNF:0
FNH:0
LF:0
LH:0
BRF:0
BRH:0
end_of_record
TN:
SF:src\shows\api\useSearchShows.ts
FN:4,searchShows
FN:16,(anonymous_1)
FN:19,useSearchShows
FN:20,(anonymous_3)
FNF:4
FNH:0
FNDA:0,searchShows
FNDA:0,(anonymous_1)
FNDA:0,useSearchShows
FNDA:0,(anonymous_3)
DA:5,0
DA:6,0
DA:9,0
DA:12,0
DA:13,0
DA:15,0
DA:16,0
DA:20,0
LF:8
LH:0
BRDA:5,0,0,0
BRDA:5,0,1,0
BRDA:12,1,0,0
BRDA:12,1,1,0
BRF:4
BRH:0
end_of_record
TN:
SF:src\shows\api\useShowEpisodes.ts
FN:6,fetchShowEpisodes
FN:14,(anonymous_1)
FN:15,(anonymous_2)
FN:21,useShowEpisodes
FN:22,(anonymous_4)
FNF:5
FNH:0
FNDA:0,fetchShowEpisodes
FNDA:0,(anonymous_1)
FNDA:0,(anonymous_2)
FNDA:0,useShowEpisodes
FNDA:0,(anonymous_4)
DA:9,0
DA:10,0
DA:11,0
DA:13,0
DA:14,0
DA:15,0
DA:22,0
LF:7
LH:0
BRDA:10,0,0,0
BRDA:10,0,1,0
BRF:2
BRH:0
end_of_record
TN:
SF:src\shows\api\useShows.ts
FN:6,fetchShows
FN:16,useShows
FN:18,(anonymous_2)
FNF:3
FNH:0
FNDA:0,fetchShows
FNDA:0,useShows
FNDA:0,(anonymous_2)
DA:4,0
DA:7,0
DA:10,0
DA:11,0
DA:13,0
DA:17,0
DA:19,0
LF:7
LH:0
BRDA:6,0,0,0
BRDA:10,1,0,0
BRDA:10,1,1,0
BRF:3
BRH:0
end_of_record
TN:
SF:src\shows\components\EpisodeThumbnail\index.tsx
FN:17,EpisodeThumbnail
FN:22,(anonymous_1)
FNF:2
FNH:0
FNDA:0,EpisodeThumbnail
FNDA:0,(anonymous_1)
DA:18,0
DA:19,0
DA:22,0
LF:3
LH:0
BRDA:48,0,0,0
BRDA:48,0,1,0
BRF:2
BRH:0
end_of_record
TN:
SF:src\shows\components\EpisodeThumbnail\styles.ts
FNF:0
FNH:0
LF:0
LH:0
BRF:0
BRH:0
end_of_record
TN:
SF:src\shows\components\ShowList\index.tsx
FN:26,ShowList
FN:33,(anonymous_1)
FN:36,(anonymous_2)
FNF:3
FNH:0
FNDA:0,ShowList
FNDA:0,(anonymous_1)
FNDA:0,(anonymous_2)
DA:32,0
DA:33,0
DA:36,0
DA:38,0
DA:39,0
DA:44,0
DA:45,0
DA:60,0
LF:8
LH:0
BRDA:38,0,0,0
BRDA:38,0,1,0
BRDA:44,1,0,0
BRDA:44,1,1,0
BRF:4
BRH:0
end_of_record
TN:
SF:src\shows\components\ShowList\styles.ts
FNF:0
FNH:0
LF:0
LH:0
BRF:0
BRH:0
end_of_record
TN:
SF:src\shows\components\ShowThumbnail\index.tsx
FN:17,ShowThumbnail
FN:22,(anonymous_1)
FNF:2
FNH:0
FNDA:0,ShowThumbnail
FNDA:0,(anonymous_1)
DA:18,0
DA:19,0
DA:22,0
LF:3
LH:0
BRDA:41,0,0,0
BRDA:41,0,1,0
BRF:2
BRH:0
end_of_record
TN:
SF:src\shows\components\ShowThumbnail\styles.ts
FNF:0
FNH:0
LF:0
LH:0
BRF:0
BRH:0
end_of_record
TN:
SF:src\shows\screens\EpisodeDetailScreen\index.tsx
FN:19,EpisodeDetailScreen
FNF:1
FNH:0
FNDA:0,EpisodeDetailScreen
DA:20,0
DA:22,0
LF:2
LH:0
BRDA:36,0,0,0
BRDA:36,0,1,0
BRF:2
BRH:0
end_of_record
TN:
SF:src\shows\screens\EpisodeDetailScreen\styles.ts
FNF:0
FNH:0
LF:0
LH:0
BRF:0
BRH:0
end_of_record
TN:
SF:src\shows\screens\ShowDetailScreen\index.tsx
FN:23,ShowDetailScreen
FN:33,(anonymous_1)
FN:36,(anonymous_2)
FN:53,(anonymous_3)
FN:97,(anonymous_4)
FNF:5
FNH:0
FNDA:0,ShowDetailScreen
FNDA:0,(anonymous_1)
FNDA:0,(anonymous_2)
FNDA:0,(anonymous_3)
FNDA:0,(anonymous_4)
DA:29,0
DA:30,0
DA:32,0
DA:33,0
DA:36,0
DA:38,0
DA:54,0
DA:98,0
LF:8
LH:0
BRDA:43,0,0,0
BRDA:43,0,1,0
BRDA:62,1,0,0
BRDA:62,1,1,0
BRDA:62,1,2,0
BRDA:62,1,3,0
BRDA:72,2,0,0
BRDA:72,2,1,0
BRDA:83,3,0,0
BRDA:83,3,1,0
BRDA:86,4,0,0
BRDA:86,4,1,0
BRDA:86,4,2,0
BRDA:94,5,0,0
BRDA:94,5,1,0
BRF:15
BRH:0
end_of_record
TN:
SF:src\shows\screens\ShowDetailScreen\styles.ts
FNF:0
FNH:0
LF:0
LH:0
BRF:0
BRH:0
end_of_record
TN:
SF:src\shows\screens\ShowsScreen\index.tsx
FN:11,ShowsScreen
FN:23,(anonymous_1)
FNF:2
FNH:0
FNDA:0,ShowsScreen
FNDA:0,(anonymous_1)
DA:12,0
DA:13,0
DA:24,0
LF:3
LH:0
BRDA:17,0,0,0
BRDA:17,0,1,0
BRDA:27,1,0,0
BRDA:27,1,1,0
BRF:4
BRH:0
end_of_record
TN:
SF:src\shows\screens\ShowsScreen\styles.ts
FNF:0
FNH:0
LF:0
LH:0
BRF:0
BRH:0
end_of_record
TN:
SF:src\shows\screens\ShowsSearchScreen\index.tsx
FN:12,ShowsSearchScreen
FNF:1
FNH:0
FNDA:0,ShowsSearchScreen
DA:13,0
DA:14,0
DA:15,0
DA:17,0
LF:4
LH:0
BRDA:34,0,0,0
BRDA:34,0,1,0
BRDA:34,1,0,0
BRDA:34,1,1,0
BRF:4
BRH:0
end_of_record
TN:
SF:src\shows\screens\ShowsSearchScreen\styles.ts
FNF:0
FNH:0
LF:0
LH:0
BRF:0
BRH:0
end_of_record
